Command line:
   alu_isim_beh.exe
     -simmode  gui
     -simrunnum  0
     -socket  58429

Thu Apr 20 22:25:54 2017


 Elaboration Time: 0.015625 sec

 Current Memory Usage: 375.407 Meg

 Total Signals          : 18
 Total Nets             : 299
 Total Signal Drivers   : 8
 Total Blocks           : 7
 Total Primitive Blocks : 6
 Total Processes        : 8
 Total Traceable Variables  : 15
 Total Scalar Nets and Variables : 800
Total Line Count : 76

 Total Simulation Time: 0.09375 sec

 Current Memory Usage: 689.979 Meg

Thu Apr 20 22:26:30 2017

