Release 14.7 - xst P.20131013 (nt64)
Copyright (c) 1995-2013 Xilinx, Inc.  All rights reserved.
--> Parameter TMPDIR set to xst/projnav.tmp


Total REAL time to Xst completion: 1.00 secs
Total CPU time to Xst completion: 0.28 secs
 
--> Parameter xsthdpdir set to xst


Total REAL time to Xst completion: 1.00 secs
Total CPU time to Xst completion: 0.28 secs
 
--> Reading design: mips_fpga_interface.prj

TABLE OF CONTENTS
  1) Synthesis Options Summary
  2) HDL Compilation
  3) Design Hierarchy Analysis
  4) HDL Analysis
  5) HDL Synthesis
     5.1) HDL Synthesis Report
  6) Advanced HDL Synthesis
     6.1) Advanced HDL Synthesis Report
  7) Low Level Synthesis
  8) Partition Report
  9) Final Report
	9.1) Device utilization summary
	9.2) Partition Resource Summary
	9.3) TIMING REPORT


=========================================================================
*                      Synthesis Options Summary                        *
=========================================================================
---- Source Parameters
Input File Name                    : "mips_fpga_interface.prj"
Input Format                       : mixed
Ignore Synthesis Constraint File   : NO

---- Target Parameters
Output File Name                   : "mips_fpga_interface"
Output Format                      : NGC
Target Device                      : xc3s1000-5-ft256

---- Source Options
Top Module Name                    : mips_fpga_interface
Automatic FSM Extraction           : YES
FSM Encoding Algorithm             : Auto
Safe Implementation                : No
FSM Style                          : LUT
RAM Extraction                     : Yes
RAM Style                          : Auto
ROM Extraction                     : Yes
Mux Style                          : Auto
Decoder Extraction                 : YES
Priority Encoder Extraction        : Yes
Shift Register Extraction          : YES
Logical Shifter Extraction         : YES
XOR Collapsing                     : YES
ROM Style                          : Auto
Mux Extraction                     : Yes
Resource Sharing                   : YES
Asynchronous To Synchronous        : NO
Multiplier Style                   : Auto
Automatic Register Balancing       : No

---- Target Options
Add IO Buffers                     : YES
Global Maximum Fanout              : 100000
Add Generic Clock Buffer(BUFG)     : 8
Register Duplication               : YES
Slice Packing                      : YES
Optimize Instantiated Primitives   : NO
Use Clock Enable                   : Yes
Use Synchronous Set                : Yes
Use Synchronous Reset              : Yes
Pack IO Registers into IOBs        : Auto
Equivalent register Removal        : YES

---- General Options
Optimization Goal                  : Speed
Optimization Effort                : 1
Keep Hierarchy                     : No
Netlist Hierarchy                  : As_Optimized
RTL Output                         : Yes
Global Optimization                : AllClockNets
Read Cores                         : YES
Write Timing Constraints           : NO
Cross Clock Analysis               : NO
Hierarchy Separator                : /
Bus Delimiter                      : <>
Case Specifier                     : Maintain
Slice Utilization Ratio            : 100
BRAM Utilization Ratio             : 100
Verilog 2001                       : YES
Auto BRAM Packing                  : NO
Slice Utilization Ratio Delta      : 5

=========================================================================


=========================================================================
*                          HDL Compilation                              *
=========================================================================
Compiling vhdl file "C:/Users/pherbert17/Documents/GitHub/ArchitectureFinalPart4/MIPS_CPU_FPGA_AND_SIM_V4PatrickHerbert/mips_building_blocks.vhd" in Library work.
Architecture behave of Entity regfile is up to date.
Architecture behave of Entity adder is up to date.
Architecture behave of Entity sl2 is up to date.
Architecture behave of Entity signext is up to date.
Architecture asynchronous of Entity flopr is up to date.
Architecture behave of Entity mux2 is up to date.
Architecture behavioral of Entity mux3 is up to date.
Architecture behave of Entity mux2cont is up to date.
Architecture behavioral of Entity shiftleft is up to date.
Architecture behavioral of Entity shiftright is up to date.
Architecture behavioral of Entity vgatest is up to date.
Architecture arch of Entity ps2_kbd is up to date.
Compiling vhdl file "C:/Users/pherbert17/Documents/GitHub/ArchitectureFinalPart4/MIPS_CPU_FPGA_AND_SIM_V4PatrickHerbert/mips/mips_address_decoder.vhd" in Library work.
Architecture behavioral of Entity addressdec is up to date.
Compiling vhdl file "C:/Users/pherbert17/Documents/GitHub/ArchitectureFinalPart4/MIPS_CPU_FPGA_AND_SIM_V4PatrickHerbert/mips_alu.vhd" in Library work.
Architecture behave of Entity alu is up to date.
Compiling vhdl file "C:/Users/pherbert17/Documents/GitHub/ArchitectureFinalPart4/MIPS_CPU_FPGA_AND_SIM_V4PatrickHerbert/mips_decoder_main.vhd" in Library work.
Architecture behave of Entity maindec is up to date.
Compiling vhdl file "C:/Users/pherbert17/Documents/GitHub/ArchitectureFinalPart4/MIPS_CPU_FPGA_AND_SIM_V4PatrickHerbert/mips_decoder_alu.vhd" in Library work.
Architecture behave of Entity aludec is up to date.
Compiling vhdl file "C:/Users/pherbert17/Documents/GitHub/ArchitectureFinalPart4/MIPS_CPU_FPGA_AND_SIM_V4PatrickHerbert/mips_controller.vhd" in Library work.
Architecture struct of Entity controller is up to date.
Compiling vhdl file "C:/Users/pherbert17/Documents/GitHub/ArchitectureFinalPart4/MIPS_CPU_FPGA_AND_SIM_V4PatrickHerbert/mips_datapath.vhd" in Library work.
Architecture struct of Entity datapath is up to date.
Compiling vhdl file "C:/Users/pherbert17/Documents/GitHub/ArchitectureFinalPart4/MIPS_CPU_FPGA_AND_SIM_V4PatrickHerbert/mips.vhd" in Library work.
Architecture struct of Entity mips is up to date.
Compiling vhdl file "C:/Users/pherbert17/Documents/GitHub/ArchitectureFinalPart4/MIPS_CPU_FPGA_AND_SIM_V4PatrickHerbert/mips_mem.vhd" in Library work.
Architecture behave of Entity dmem is up to date.
Architecture behave of Entity imem is up to date.
Compiling vhdl file "C:/Users/pherbert17/Documents/GitHub/ArchitectureFinalPart4/MIPS_CPU_FPGA_AND_SIM_V4PatrickHerbert/mips_top.vhd" in Library work.
Entity <top> compiled.
Entity <top> (Architecture <test>) compiled.
Compiling vhdl file "C:/Users/pherbert17/Documents/GitHub/ArchitectureFinalPart4/MIPS_CPU_FPGA_AND_SIM_V4PatrickHerbert/mips_fpga_interface.vhd" in Library work.
Entity <mips_fpga_interface> compiled.
Entity <mips_fpga_interface> (Architecture <test_fpga>) compiled.

=========================================================================
*                     Design Hierarchy Analysis                         *
=========================================================================
Analyzing hierarchy for entity <mips_fpga_interface> in library <work> (architecture <test_fpga>).

Analyzing hierarchy for entity <top> in library <work> (architecture <test>) with generics.
	FREQ = 100000

Analyzing hierarchy for entity <mips> in library <work> (architecture <struct>).

Analyzing hierarchy for entity <ps2_kbd> in library <work> (architecture <arch>) with generics.
	FREQ = 100000

Analyzing hierarchy for entity <vgatest> in library <work> (architecture <behavioral>).

Analyzing hierarchy for entity <imem> in library <work> (architecture <behave>).

Analyzing hierarchy for entity <dmem> in library <work> (architecture <behave>).

Analyzing hierarchy for entity <mux2> in library <work> (architecture <behave>) with generics.
	width = 32

Analyzing hierarchy for entity <controller> in library <work> (architecture <struct>).

Analyzing hierarchy for entity <datapath> in library <work> (architecture <struct>).

Analyzing hierarchy for entity <maindec> in library <work> (architecture <behave>).

Analyzing hierarchy for entity <aludec> in library <work> (architecture <behave>).

Analyzing hierarchy for entity <mux2cont> in library <work> (architecture <behave>).

Analyzing hierarchy for entity <flopr> in library <work> (architecture <asynchronous>) with generics.
	width = 32

Analyzing hierarchy for entity <adder> in library <work> (architecture <behave>).

Analyzing hierarchy for entity <sl2> in library <work> (architecture <behave>).

Analyzing hierarchy for entity <mux2> in library <work> (architecture <behave>) with generics.
	width = 32

Analyzing hierarchy for entity <regfile> in library <work> (architecture <behave>).

Analyzing hierarchy for entity <mux2> in library <work> (architecture <behave>) with generics.
	width = 5

Analyzing hierarchy for entity <signext> in library <work> (architecture <behave>).

Analyzing hierarchy for entity <addressdec> in library <work> (architecture <behavioral>).

Analyzing hierarchy for entity <alu> in library <work> (architecture <behave>).

Analyzing hierarchy for entity <ShiftLeft> in library <work> (architecture <behavioral>).

Analyzing hierarchy for entity <ShiftRight> in library <work> (architecture <behavioral>).


=========================================================================
*                            HDL Analysis                               *
=========================================================================
Analyzing Entity <mips_fpga_interface> in library <work> (Architecture <test_fpga>).
Entity <mips_fpga_interface> analyzed. Unit <mips_fpga_interface> generated.

Analyzing generic Entity <top> in library <work> (Architecture <test>).
	FREQ = 100000
WARNING:Xst:753 - "C:/Users/pherbert17/Documents/GitHub/ArchitectureFinalPart4/MIPS_CPU_FPGA_AND_SIM_V4PatrickHerbert/mips_top.vhd" line 142: Unconnected output port 'parity' of component 'ps2_kbd'.
WARNING:Xst:753 - "C:/Users/pherbert17/Documents/GitHub/ArchitectureFinalPart4/MIPS_CPU_FPGA_AND_SIM_V4PatrickHerbert/mips_top.vhd" line 142: Unconnected output port 'busy' of component 'ps2_kbd'.
Entity <top> analyzed. Unit <top> generated.

Analyzing Entity <mips> in library <work> (Architecture <struct>).
Entity <mips> analyzed. Unit <mips> generated.

Analyzing Entity <controller> in library <work> (Architecture <struct>).
Entity <controller> analyzed. Unit <controller> generated.

Analyzing Entity <maindec> in library <work> (Architecture <behave>).
Entity <maindec> analyzed. Unit <maindec> generated.

Analyzing Entity <aludec> in library <work> (Architecture <behave>).
Entity <aludec> analyzed. Unit <aludec> generated.

Analyzing Entity <mux2cont> in library <work> (Architecture <behave>).
Entity <mux2cont> analyzed. Unit <mux2cont> generated.

Analyzing Entity <datapath> in library <work> (Architecture <struct>).
Entity <datapath> analyzed. Unit <datapath> generated.

Analyzing generic Entity <flopr> in library <work> (Architecture <asynchronous>).
	width = 32
Entity <flopr> analyzed. Unit <flopr> generated.

Analyzing Entity <adder> in library <work> (Architecture <behave>).
Entity <adder> analyzed. Unit <adder> generated.

Analyzing Entity <sl2> in library <work> (Architecture <behave>).
Entity <sl2> analyzed. Unit <sl2> generated.

Analyzing Entity <regfile> in library <work> (Architecture <behave>).
Entity <regfile> analyzed. Unit <regfile> generated.

Analyzing generic Entity <mux2.2> in library <work> (Architecture <behave>).
	width = 5
Entity <mux2.2> analyzed. Unit <mux2.2> generated.

Analyzing Entity <signext> in library <work> (Architecture <behave>).
Entity <signext> analyzed. Unit <signext> generated.

Analyzing Entity <addressdec> in library <work> (Architecture <behavioral>).
Entity <addressdec> analyzed. Unit <addressdec> generated.

Analyzing Entity <alu> in library <work> (Architecture <behave>).
Entity <alu> analyzed. Unit <alu> generated.

Analyzing Entity <ShiftLeft> in library <work> (Architecture <behavioral>).
INFO:Xst:1561 - "C:/Users/pherbert17/Documents/GitHub/ArchitectureFinalPart4/MIPS_CPU_FPGA_AND_SIM_V4PatrickHerbert/mips_building_blocks.vhd" line 203: Mux is complete : default of case is discarded
Entity <ShiftLeft> analyzed. Unit <ShiftLeft> generated.

Analyzing Entity <ShiftRight> in library <work> (Architecture <behavioral>).
INFO:Xst:1561 - "C:/Users/pherbert17/Documents/GitHub/ArchitectureFinalPart4/MIPS_CPU_FPGA_AND_SIM_V4PatrickHerbert/mips_building_blocks.vhd" line 247: Mux is complete : default of case is discarded
Entity <ShiftRight> analyzed. Unit <ShiftRight> generated.

Analyzing generic Entity <ps2_kbd> in library <work> (Architecture <arch>).
	FREQ = 100000
Entity <ps2_kbd> analyzed. Unit <ps2_kbd> generated.

Analyzing Entity <vgatest> in library <work> (Architecture <behavioral>).
INFO:Xst:2679 - Register <blue_out> in unit <vgatest> has a constant value of 000 during circuit operation. The register is replaced by logic.
Entity <vgatest> analyzed. Unit <vgatest> generated.

Analyzing Entity <imem> in library <work> (Architecture <behave>).
Entity <imem> analyzed. Unit <imem> generated.

Analyzing Entity <dmem> in library <work> (Architecture <behave>).
Entity <dmem> analyzed. Unit <dmem> generated.

Analyzing generic Entity <mux2.1> in library <work> (Architecture <behave>).
	width = 32
Entity <mux2.1> analyzed. Unit <mux2.1> generated.


=========================================================================
*                           HDL Synthesis                               *
=========================================================================

Performing bidirectional port resolution...

Synthesizing Unit <ps2_kbd>.
    Related source file is "C:/Users/pherbert17/Documents/GitHub/ArchitectureFinalPart4/MIPS_CPU_FPGA_AND_SIM_V4PatrickHerbert/mips_building_blocks.vhd".
WARNING:Xst:647 - Input <we1> is never used. This port will be preserved and left unconnected if it belongs to a top-level block or it belongs to a sub-block and the hierarchy of this sub-block is preserved.
WARNING:Xst:1780 - Signal <s_x> is never used or assigned. This unconnected signal will be trimmed during the optimization process.
    Found 4-bit up counter for signal <bitcnt_r>.
    Found 1-bit register for signal <error_r>.
    Found 1-bit register for signal <keyrel_r>.
    Found 5-bit register for signal <ps2_clk_r>.
    Found 1-bit register for signal <rdy_r>.
    Found 10-bit register for signal <sc_r>.
    Found 14-bit register for signal <timer_r>.
    Found 14-bit adder for signal <timer_x$addsub0000> created at line 436.
    Summary:
	inferred   1 Counter(s).
	inferred  32 D-type flip-flop(s).
	inferred   1 Adder/Subtractor(s).
Unit <ps2_kbd> synthesized.


Synthesizing Unit <vgatest>.
    Related source file is "C:/Users/pherbert17/Documents/GitHub/ArchitectureFinalPart4/MIPS_CPU_FPGA_AND_SIM_V4PatrickHerbert/mips_building_blocks.vhd".
WARNING:Xst:647 - Input <we2> is never used. This port will be preserved and left unconnected if it belongs to a top-level block or it belongs to a sub-block and the hierarchy of this sub-block is preserved.
WARNING:Xst:647 - Input <writedata<31:3>> is never used. This port will be preserved and left unconnected if it belongs to a top-level block or it belongs to a sub-block and the hierarchy of this sub-block is preserved.
WARNING:Xst:647 - Input <scancode> is never used. This port will be preserved and left unconnected if it belongs to a top-level block or it belongs to a sub-block and the hierarchy of this sub-block is preserved.
    Found 3-bit register for signal <red_out>.
    Found 1-bit register for signal <vs_out>.
    Found 3-bit register for signal <green_out>.
    Found 1-bit register for signal <hs_out>.
    Found 1-bit register for signal <clk25>.
    Found 32-bit up counter for signal <cnt>.
    Found 32-bit adder for signal <cnt$addsub0000> created at line 298.
    Found 3-bit up counter for signal <color>.
    Found 10-bit up counter for signal <hcounter>.
    Found 10-bit comparator greater for signal <hs_out$cmp_gt0000> created at line 339.
    Found 10-bit comparator less for signal <hs_out$cmp_lt0000> created at line 339.
    Found 10-bit subtractor for signal <red_out$addsub0000> created at line 314.
    Found 9-bit subtractor for signal <red_out$addsub0001> created at line 315.
    Found 10-bit comparator greater for signal <red_out$cmp_gt0000> created at line 321.
    Found 9-bit comparator greater for signal <red_out$cmp_gt0001> created at line 321.
    Found 10-bit comparator less for signal <red_out$cmp_lt0000> created at line 321.
    Found 9-bit comparator less for signal <red_out$cmp_lt0001> created at line 321.
    Found 10-bit up counter for signal <vcounter>.
    Found 10-bit comparator greater for signal <vs_out$cmp_gt0000> created at line 351.
    Found 10-bit comparator less for signal <vs_out$cmp_lt0000> created at line 351.
    Summary:
	inferred   4 Counter(s).
	inferred   9 D-type flip-flop(s).
	inferred   3 Adder/Subtractor(s).
	inferred   8 Comparator(s).
Unit <vgatest> synthesized.


Synthesizing Unit <imem>.
    Related source file is "C:/Users/pherbert17/Documents/GitHub/ArchitectureFinalPart4/MIPS_CPU_FPGA_AND_SIM_V4PatrickHerbert/mips_mem.vhd".
WARNING:Xst:1781 - Signal <mem> is used but never assigned. Tied to default value.
    Found 64x32-bit ROM for signal <rd>.
    Summary:
	inferred   1 ROM(s).
Unit <imem> synthesized.


Synthesizing Unit <dmem>.
    Related source file is "C:/Users/pherbert17/Documents/GitHub/ArchitectureFinalPart4/MIPS_CPU_FPGA_AND_SIM_V4PatrickHerbert/mips_mem.vhd".
WARNING:Xst:647 - Input <a<31:8>> is never used. This port will be preserved and left unconnected if it belongs to a top-level block or it belongs to a sub-block and the hierarchy of this sub-block is preserved.
WARNING:Xst:647 - Input <a<1:0>> is never used. This port will be preserved and left unconnected if it belongs to a top-level block or it belongs to a sub-block and the hierarchy of this sub-block is preserved.
    Found 32-bit 64-to-1 multiplexer for signal <rd>.
    Found 2048-bit register for signal <mem>.
INFO:Xst:738 - HDL ADVISOR - 2048 flip-flops were inferred for signal <mem>. You may be trying to describe a RAM in a way that is incompatible with block and distributed RAM resources available on Xilinx devices, or with a specific template that is not supported. Please review the Xilinx resources documentation and the XST user manual for coding guidelines. Taking advantage of RAM resources will lead to improved device usage and reduced synthesis time.
    Summary:
	inferred 2048 D-type flip-flop(s).
	inferred  32 Multiplexer(s).
Unit <dmem> synthesized.


Synthesizing Unit <mux2_1>.
    Related source file is "C:/Users/pherbert17/Documents/GitHub/ArchitectureFinalPart4/MIPS_CPU_FPGA_AND_SIM_V4PatrickHerbert/mips_building_blocks.vhd".
Unit <mux2_1> synthesized.


Synthesizing Unit <maindec>.
    Related source file is "C:/Users/pherbert17/Documents/GitHub/ArchitectureFinalPart4/MIPS_CPU_FPGA_AND_SIM_V4PatrickHerbert/mips_decoder_main.vhd".
Unit <maindec> synthesized.


Synthesizing Unit <aludec>.
    Related source file is "C:/Users/pherbert17/Documents/GitHub/ArchitectureFinalPart4/MIPS_CPU_FPGA_AND_SIM_V4PatrickHerbert/mips_decoder_alu.vhd".
    Found 5-bit 8-to-1 multiplexer for signal <alucontrol>.
    Summary:
	inferred   5 Multiplexer(s).
Unit <aludec> synthesized.


Synthesizing Unit <mux2cont>.
    Related source file is "C:/Users/pherbert17/Documents/GitHub/ArchitectureFinalPart4/MIPS_CPU_FPGA_AND_SIM_V4PatrickHerbert/mips_building_blocks.vhd".
Unit <mux2cont> synthesized.


Synthesizing Unit <flopr>.
    Related source file is "C:/Users/pherbert17/Documents/GitHub/ArchitectureFinalPart4/MIPS_CPU_FPGA_AND_SIM_V4PatrickHerbert/mips_building_blocks.vhd".
    Found 32-bit register for signal <q>.
    Summary:
	inferred  32 D-type flip-flop(s).
Unit <flopr> synthesized.


Synthesizing Unit <adder>.
    Related source file is "C:/Users/pherbert17/Documents/GitHub/ArchitectureFinalPart4/MIPS_CPU_FPGA_AND_SIM_V4PatrickHerbert/mips_building_blocks.vhd".
    Found 32-bit adder for signal <y>.
    Summary:
	inferred   1 Adder/Subtractor(s).
Unit <adder> synthesized.


Synthesizing Unit <sl2>.
    Related source file is "C:/Users/pherbert17/Documents/GitHub/ArchitectureFinalPart4/MIPS_CPU_FPGA_AND_SIM_V4PatrickHerbert/mips_building_blocks.vhd".
WARNING:Xst:647 - Input <a<31:30>> is never used. This port will be preserved and left unconnected if it belongs to a top-level block or it belongs to a sub-block and the hierarchy of this sub-block is preserved.
Unit <sl2> synthesized.


Synthesizing Unit <regfile>.
    Related source file is "C:/Users/pherbert17/Documents/GitHub/ArchitectureFinalPart4/MIPS_CPU_FPGA_AND_SIM_V4PatrickHerbert/mips_building_blocks.vhd".
    Found 32x32-bit dual-port RAM <Mram_mem> for signal <mem>.
    Found 32x32-bit dual-port RAM <Mram_mem_ren> for signal <mem>.
    Summary:
	inferred   2 RAM(s).
Unit <regfile> synthesized.


Synthesizing Unit <mux2_2>.
    Related source file is "C:/Users/pherbert17/Documents/GitHub/ArchitectureFinalPart4/MIPS_CPU_FPGA_AND_SIM_V4PatrickHerbert/mips_building_blocks.vhd".
Unit <mux2_2> synthesized.


Synthesizing Unit <signext>.
    Related source file is "C:/Users/pherbert17/Documents/GitHub/ArchitectureFinalPart4/MIPS_CPU_FPGA_AND_SIM_V4PatrickHerbert/mips_building_blocks.vhd".
Unit <signext> synthesized.


Synthesizing Unit <addressdec>.
    Related source file is "C:/Users/pherbert17/Documents/GitHub/ArchitectureFinalPart4/MIPS_CPU_FPGA_AND_SIM_V4PatrickHerbert/mips/mips_address_decoder.vhd".
WARNING:Xst:647 - Input <memwrite> is never used. This port will be preserved and left unconnected if it belongs to a top-level block or it belongs to a sub-block and the hierarchy of this sub-block is preserved.
Unit <addressdec> synthesized.


Synthesizing Unit <ShiftLeft>.
    Related source file is "C:/Users/pherbert17/Documents/GitHub/ArchitectureFinalPart4/MIPS_CPU_FPGA_AND_SIM_V4PatrickHerbert/mips_building_blocks.vhd".
    Found 32-bit shifter logical left for signal <c>.
    Summary:
	inferred   1 Combinational logic shifter(s).
Unit <ShiftLeft> synthesized.


Synthesizing Unit <ShiftRight>.
    Related source file is "C:/Users/pherbert17/Documents/GitHub/ArchitectureFinalPart4/MIPS_CPU_FPGA_AND_SIM_V4PatrickHerbert/mips_building_blocks.vhd".
    Found 32-bit shifter logical right for signal <c>.
    Summary:
	inferred   1 Combinational logic shifter(s).
Unit <ShiftRight> synthesized.


Synthesizing Unit <controller>.
    Related source file is "C:/Users/pherbert17/Documents/GitHub/ArchitectureFinalPart4/MIPS_CPU_FPGA_AND_SIM_V4PatrickHerbert/mips_controller.vhd".
Unit <controller> synthesized.


Synthesizing Unit <alu>.
    Related source file is "C:/Users/pherbert17/Documents/GitHub/ArchitectureFinalPart4/MIPS_CPU_FPGA_AND_SIM_V4PatrickHerbert/mips_alu.vhd".
    Found 32-bit xor2 for signal <result$xor0000> created at line 34.
    Found 32-bit adder carry in for signal <sum>.
    Summary:
	inferred   1 Adder/Subtractor(s).
Unit <alu> synthesized.


Synthesizing Unit <datapath>.
    Related source file is "C:/Users/pherbert17/Documents/GitHub/ArchitectureFinalPart4/MIPS_CPU_FPGA_AND_SIM_V4PatrickHerbert/mips_datapath.vhd".
WARNING:Xst:647 - Input <instr<31:26>> is never used. This port will be preserved and left unconnected if it belongs to a top-level block or it belongs to a sub-block and the hierarchy of this sub-block is preserved.
Unit <datapath> synthesized.


Synthesizing Unit <mips>.
    Related source file is "C:/Users/pherbert17/Documents/GitHub/ArchitectureFinalPart4/MIPS_CPU_FPGA_AND_SIM_V4PatrickHerbert/mips.vhd".
WARNING:Xst:1780 - Signal <alushiftselect> is never used or assigned. This unconnected signal will be trimmed during the optimization process.
Unit <mips> synthesized.


Synthesizing Unit <top>.
    Related source file is "C:/Users/pherbert17/Documents/GitHub/ArchitectureFinalPart4/MIPS_CPU_FPGA_AND_SIM_V4PatrickHerbert/mips_top.vhd".
    Found 7-bit register for signal <s>.
    Summary:
	inferred   7 D-type flip-flop(s).
Unit <top> synthesized.


Synthesizing Unit <mips_fpga_interface>.
    Related source file is "C:/Users/pherbert17/Documents/GitHub/ArchitectureFinalPart4/MIPS_CPU_FPGA_AND_SIM_V4PatrickHerbert/mips_fpga_interface.vhd".
WARNING:Xst:1780 - Signal <mips_clk_input> is never used or assigned. This unconnected signal will be trimmed during the optimization process.
Unit <mips_fpga_interface> synthesized.


=========================================================================
HDL Synthesis Report

Macro Statistics
# RAMs                                                 : 2
 32x32-bit dual-port RAM                               : 2
# ROMs                                                 : 1
 64x32-bit ROM                                         : 1
# Adders/Subtractors                                   : 7
 10-bit subtractor                                     : 1
 14-bit adder                                          : 1
 32-bit adder                                          : 3
 32-bit adder carry in                                 : 1
 9-bit subtractor                                      : 1
# Counters                                             : 5
 10-bit up counter                                     : 2
 3-bit up counter                                      : 1
 32-bit up counter                                     : 1
 4-bit up counter                                      : 1
# Registers                                            : 77
 1-bit register                                        : 6
 10-bit register                                       : 1
 14-bit register                                       : 1
 3-bit register                                        : 2
 32-bit register                                       : 65
 5-bit register                                        : 1
 7-bit register                                        : 1
# Comparators                                          : 8
 10-bit comparator greater                             : 3
 10-bit comparator less                                : 3
 9-bit comparator greater                              : 1
 9-bit comparator less                                 : 1
# Multiplexers                                         : 2
 32-bit 64-to-1 multiplexer                            : 1
 5-bit 8-to-1 multiplexer                              : 1
# Logic shifters                                       : 2
 32-bit shifter logical left                           : 1
 32-bit shifter logical right                          : 1
# Xors                                                 : 1
 32-bit xor2                                           : 1

=========================================================================

=========================================================================
*                       Advanced HDL Synthesis                          *
=========================================================================


Synthesizing (advanced) Unit <regfile>.
INFO:Xst:3218 - HDL ADVISOR - The RAM <Mram_mem> will be implemented on LUTs either because you have described an asynchronous read or because of currently unsupported block RAM features. If you have described an asynchronous read, making it synchronous would allow you to take advantage of available block RAM resources, for optimized device usage and improved timings. Please refer to your documentation for coding guidelines.
    -----------------------------------------------------------------------
    | ram_type           | Distributed                         |          |
    -----------------------------------------------------------------------
    | Port A                                                              |
    |     aspect ratio   | 32-word x 32-bit                    |          |
    |     clkA           | connected to signal <clk>           | rise     |
    |     weA            | connected to signal <we3>           | high     |
    |     addrA          | connected to signal <wa3>           |          |
    |     diA            | connected to signal <wd3>           |          |
    -----------------------------------------------------------------------
    | Port B                                                              |
    |     aspect ratio   | 32-word x 32-bit                    |          |
    |     addrB          | connected to signal <ra1>           |          |
    |     doB            | connected to internal node          |          |
    -----------------------------------------------------------------------
INFO:Xst:3218 - HDL ADVISOR - The RAM <Mram_mem_ren> will be implemented on LUTs either because you have described an asynchronous read or because of currently unsupported block RAM features. If you have described an asynchronous read, making it synchronous would allow you to take advantage of available block RAM resources, for optimized device usage and improved timings. Please refer to your documentation for coding guidelines.
    -----------------------------------------------------------------------
    | ram_type           | Distributed                         |          |
    -----------------------------------------------------------------------
    | Port A                                                              |
    |     aspect ratio   | 32-word x 32-bit                    |          |
    |     clkA           | connected to signal <clk>           | rise     |
    |     weA            | connected to signal <we3>           | high     |
    |     addrA          | connected to signal <wa3>           |          |
    |     diA            | connected to signal <wd3>           |          |
    -----------------------------------------------------------------------
    | Port B                                                              |
    |     aspect ratio   | 32-word x 32-bit                    |          |
    |     addrB          | connected to signal <ra2>           |          |
    |     doB            | connected to internal node          |          |
    -----------------------------------------------------------------------
Unit <regfile> synthesized (advanced).

=========================================================================
Advanced HDL Synthesis Report

Macro Statistics
# RAMs                                                 : 2
 32x32-bit dual-port distributed RAM                   : 2
# ROMs                                                 : 1
 64x32-bit ROM                                         : 1
# Adders/Subtractors                                   : 7
 10-bit subtractor                                     : 1
 14-bit adder                                          : 1
 32-bit adder                                          : 3
 32-bit adder carry in                                 : 1
 9-bit subtractor                                      : 1
# Counters                                             : 5
 10-bit up counter                                     : 2
 3-bit up counter                                      : 1
 32-bit up counter                                     : 1
 4-bit up counter                                      : 1
# Registers                                            : 2128
 Flip-Flops                                            : 2128
# Comparators                                          : 8
 10-bit comparator greater                             : 3
 10-bit comparator less                                : 3
 9-bit comparator greater                              : 1
 9-bit comparator less                                 : 1
# Multiplexers                                         : 2
 32-bit 64-to-1 multiplexer                            : 1
 5-bit 8-to-1 multiplexer                              : 1
# Logic shifters                                       : 2
 32-bit shifter logical left                           : 1
 32-bit shifter logical right                          : 1
# Xors                                                 : 1
 32-bit xor2                                           : 1

=========================================================================

=========================================================================
*                         Low Level Synthesis                           *
=========================================================================

Optimizing unit <mips_fpga_interface> ...

Optimizing unit <ps2_kbd> ...

Optimizing unit <vgatest> ...

Optimizing unit <dmem> ...

Optimizing unit <flopr> ...

Optimizing unit <regfile> ...

Optimizing unit <alu> ...

Optimizing unit <datapath> ...

Optimizing unit <top> ...
WARNING:Xst:2677 - Node <mips_cpu/mips1/dp/pcreg/q_31> of sequential type is unconnected in block <mips_fpga_interface>.
WARNING:Xst:2677 - Node <mips_cpu/mips1/dp/pcreg/q_30> of sequential type is unconnected in block <mips_fpga_interface>.
WARNING:Xst:2677 - Node <mips_cpu/mips1/dp/pcreg/q_29> of sequential type is unconnected in block <mips_fpga_interface>.
WARNING:Xst:2677 - Node <mips_cpu/mips1/dp/pcreg/q_28> of sequential type is unconnected in block <mips_fpga_interface>.
WARNING:Xst:2677 - Node <mips_cpu/mips1/dp/pcreg/q_27> of sequential type is unconnected in block <mips_fpga_interface>.
WARNING:Xst:2677 - Node <mips_cpu/mips1/dp/pcreg/q_26> of sequential type is unconnected in block <mips_fpga_interface>.
WARNING:Xst:2677 - Node <mips_cpu/mips1/dp/pcreg/q_25> of sequential type is unconnected in block <mips_fpga_interface>.
WARNING:Xst:2677 - Node <mips_cpu/mips1/dp/pcreg/q_24> of sequential type is unconnected in block <mips_fpga_interface>.
WARNING:Xst:2677 - Node <mips_cpu/mips1/dp/pcreg/q_23> of sequential type is unconnected in block <mips_fpga_interface>.
WARNING:Xst:2677 - Node <mips_cpu/mips1/dp/pcreg/q_22> of sequential type is unconnected in block <mips_fpga_interface>.
WARNING:Xst:2677 - Node <mips_cpu/mips1/dp/pcreg/q_21> of sequential type is unconnected in block <mips_fpga_interface>.
WARNING:Xst:2677 - Node <mips_cpu/mips1/dp/pcreg/q_20> of sequential type is unconnected in block <mips_fpga_interface>.
WARNING:Xst:2677 - Node <mips_cpu/mips1/dp/pcreg/q_19> of sequential type is unconnected in block <mips_fpga_interface>.
WARNING:Xst:2677 - Node <mips_cpu/mips1/dp/pcreg/q_18> of sequential type is unconnected in block <mips_fpga_interface>.
WARNING:Xst:2677 - Node <mips_cpu/mips1/dp/pcreg/q_17> of sequential type is unconnected in block <mips_fpga_interface>.
WARNING:Xst:2677 - Node <mips_cpu/mips1/dp/pcreg/q_16> of sequential type is unconnected in block <mips_fpga_interface>.
WARNING:Xst:2677 - Node <mips_cpu/mips1/dp/pcreg/q_15> of sequential type is unconnected in block <mips_fpga_interface>.
WARNING:Xst:2677 - Node <mips_cpu/mips1/dp/pcreg/q_14> of sequential type is unconnected in block <mips_fpga_interface>.
WARNING:Xst:2677 - Node <mips_cpu/mips1/dp/pcreg/q_13> of sequential type is unconnected in block <mips_fpga_interface>.
WARNING:Xst:2677 - Node <mips_cpu/mips1/dp/pcreg/q_12> of sequential type is unconnected in block <mips_fpga_interface>.
WARNING:Xst:2677 - Node <mips_cpu/mips1/dp/pcreg/q_11> of sequential type is unconnected in block <mips_fpga_interface>.
WARNING:Xst:2677 - Node <mips_cpu/mips1/dp/pcreg/q_10> of sequential type is unconnected in block <mips_fpga_interface>.
WARNING:Xst:2677 - Node <mips_cpu/mips1/dp/pcreg/q_9> of sequential type is unconnected in block <mips_fpga_interface>.
WARNING:Xst:2677 - Node <mips_cpu/mips1/dp/pcreg/q_8> of sequential type is unconnected in block <mips_fpga_interface>.
WARNING:Xst:2677 - Node <mips_cpu/mips1/dp/pcreg/q_1> of sequential type is unconnected in block <mips_fpga_interface>.
WARNING:Xst:2677 - Node <mips_cpu/mips1/dp/pcreg/q_0> of sequential type is unconnected in block <mips_fpga_interface>.
WARNING:Xst:2677 - Node <mips_cpu/mips1/dp/rf/Mram_mem_ren64> of sequential type is unconnected in block <mips_fpga_interface>.
WARNING:Xst:2677 - Node <mips_cpu/mips1/dp/rf/Mram_mem_ren62> of sequential type is unconnected in block <mips_fpga_interface>.
WARNING:Xst:2677 - Node <mips_cpu/mips1/dp/rf/Mram_mem_ren58> of sequential type is unconnected in block <mips_fpga_interface>.
WARNING:Xst:2677 - Node <mips_cpu/mips1/dp/rf/Mram_mem_ren60> of sequential type is unconnected in block <mips_fpga_interface>.
WARNING:Xst:2677 - Node <mips_cpu/mips1/dp/rf/Mram_mem_ren56> of sequential type is unconnected in block <mips_fpga_interface>.
WARNING:Xst:2677 - Node <mips_cpu/mips1/dp/rf/Mram_mem_ren52> of sequential type is unconnected in block <mips_fpga_interface>.
WARNING:Xst:2677 - Node <mips_cpu/mips1/dp/rf/Mram_mem_ren54> of sequential type is unconnected in block <mips_fpga_interface>.
WARNING:Xst:2677 - Node <mips_cpu/mips1/dp/rf/Mram_mem_ren50> of sequential type is unconnected in block <mips_fpga_interface>.
WARNING:Xst:2677 - Node <mips_cpu/mips1/dp/rf/Mram_mem_ren46> of sequential type is unconnected in block <mips_fpga_interface>.
WARNING:Xst:2677 - Node <mips_cpu/mips1/dp/rf/Mram_mem_ren48> of sequential type is unconnected in block <mips_fpga_interface>.
WARNING:Xst:2677 - Node <mips_cpu/mips1/dp/rf/Mram_mem_ren44> of sequential type is unconnected in block <mips_fpga_interface>.
WARNING:Xst:2677 - Node <mips_cpu/mips1/dp/rf/Mram_mem_ren40> of sequential type is unconnected in block <mips_fpga_interface>.
WARNING:Xst:2677 - Node <mips_cpu/mips1/dp/rf/Mram_mem_ren42> of sequential type is unconnected in block <mips_fpga_interface>.
WARNING:Xst:2677 - Node <mips_cpu/mips1/dp/rf/Mram_mem_ren38> of sequential type is unconnected in block <mips_fpga_interface>.
WARNING:Xst:2677 - Node <mips_cpu/mips1/dp/rf/Mram_mem_ren34> of sequential type is unconnected in block <mips_fpga_interface>.
WARNING:Xst:2677 - Node <mips_cpu/mips1/dp/rf/Mram_mem_ren36> of sequential type is unconnected in block <mips_fpga_interface>.
WARNING:Xst:2677 - Node <mips_cpu/mips1/dp/rf/Mram_mem_ren32> of sequential type is unconnected in block <mips_fpga_interface>.
WARNING:Xst:2677 - Node <mips_cpu/mips1/dp/rf/Mram_mem_ren28> of sequential type is unconnected in block <mips_fpga_interface>.
WARNING:Xst:2677 - Node <mips_cpu/mips1/dp/rf/Mram_mem_ren30> of sequential type is unconnected in block <mips_fpga_interface>.
WARNING:Xst:2677 - Node <mips_cpu/mips1/dp/rf/Mram_mem_ren26> of sequential type is unconnected in block <mips_fpga_interface>.
WARNING:Xst:2677 - Node <mips_cpu/mips1/dp/rf/Mram_mem_ren22> of sequential type is unconnected in block <mips_fpga_interface>.
WARNING:Xst:2677 - Node <mips_cpu/mips1/dp/rf/Mram_mem_ren24> of sequential type is unconnected in block <mips_fpga_interface>.
WARNING:Xst:2677 - Node <mips_cpu/mips1/dp/rf/Mram_mem_ren20> of sequential type is unconnected in block <mips_fpga_interface>.
WARNING:Xst:2677 - Node <mips_cpu/mips1/dp/rf/Mram_mem_ren16> of sequential type is unconnected in block <mips_fpga_interface>.
WARNING:Xst:2677 - Node <mips_cpu/mips1/dp/rf/Mram_mem_ren18> of sequential type is unconnected in block <mips_fpga_interface>.
WARNING:Xst:2677 - Node <mips_cpu/mips1/dp/rf/Mram_mem_ren14> of sequential type is unconnected in block <mips_fpga_interface>.
WARNING:Xst:2677 - Node <mips_cpu/mips1/dp/rf/Mram_mem_ren10> of sequential type is unconnected in block <mips_fpga_interface>.
WARNING:Xst:2677 - Node <mips_cpu/mips1/dp/rf/Mram_mem_ren12> of sequential type is unconnected in block <mips_fpga_interface>.
WARNING:Xst:2677 - Node <mips_cpu/mips1/dp/rf/Mram_mem_ren8> of sequential type is unconnected in block <mips_fpga_interface>.
WARNING:Xst:2677 - Node <mips_cpu/mips1/dp/rf/Mram_mem_ren4> of sequential type is unconnected in block <mips_fpga_interface>.
WARNING:Xst:2677 - Node <mips_cpu/mips1/dp/rf/Mram_mem_ren6> of sequential type is unconnected in block <mips_fpga_interface>.
WARNING:Xst:2677 - Node <mips_cpu/mips1/dp/rf/Mram_mem_ren2> of sequential type is unconnected in block <mips_fpga_interface>.
WARNING:Xst:2677 - Node <mips_cpu/mips1/dp/rf/Mram_mem64> of sequential type is unconnected in block <mips_fpga_interface>.
WARNING:Xst:2677 - Node <mips_cpu/mips1/dp/rf/Mram_mem62> of sequential type is unconnected in block <mips_fpga_interface>.
WARNING:Xst:2677 - Node <mips_cpu/mips1/dp/rf/Mram_mem58> of sequential type is unconnected in block <mips_fpga_interface>.
WARNING:Xst:2677 - Node <mips_cpu/mips1/dp/rf/Mram_mem60> of sequential type is unconnected in block <mips_fpga_interface>.
WARNING:Xst:2677 - Node <mips_cpu/mips1/dp/rf/Mram_mem56> of sequential type is unconnected in block <mips_fpga_interface>.
WARNING:Xst:2677 - Node <mips_cpu/mips1/dp/rf/Mram_mem52> of sequential type is unconnected in block <mips_fpga_interface>.
WARNING:Xst:2677 - Node <mips_cpu/mips1/dp/rf/Mram_mem54> of sequential type is unconnected in block <mips_fpga_interface>.
WARNING:Xst:2677 - Node <mips_cpu/mips1/dp/rf/Mram_mem50> of sequential type is unconnected in block <mips_fpga_interface>.
WARNING:Xst:2677 - Node <mips_cpu/mips1/dp/rf/Mram_mem46> of sequential type is unconnected in block <mips_fpga_interface>.
WARNING:Xst:2677 - Node <mips_cpu/mips1/dp/rf/Mram_mem48> of sequential type is unconnected in block <mips_fpga_interface>.
WARNING:Xst:2677 - Node <mips_cpu/mips1/dp/rf/Mram_mem44> of sequential type is unconnected in block <mips_fpga_interface>.
WARNING:Xst:2677 - Node <mips_cpu/mips1/dp/rf/Mram_mem40> of sequential type is unconnected in block <mips_fpga_interface>.
WARNING:Xst:2677 - Node <mips_cpu/mips1/dp/rf/Mram_mem42> of sequential type is unconnected in block <mips_fpga_interface>.
WARNING:Xst:2677 - Node <mips_cpu/mips1/dp/rf/Mram_mem38> of sequential type is unconnected in block <mips_fpga_interface>.
WARNING:Xst:2677 - Node <mips_cpu/mips1/dp/rf/Mram_mem34> of sequential type is unconnected in block <mips_fpga_interface>.
WARNING:Xst:2677 - Node <mips_cpu/mips1/dp/rf/Mram_mem36> of sequential type is unconnected in block <mips_fpga_interface>.
WARNING:Xst:2677 - Node <mips_cpu/mips1/dp/rf/Mram_mem32> of sequential type is unconnected in block <mips_fpga_interface>.
WARNING:Xst:2677 - Node <mips_cpu/mips1/dp/rf/Mram_mem28> of sequential type is unconnected in block <mips_fpga_interface>.
WARNING:Xst:2677 - Node <mips_cpu/mips1/dp/rf/Mram_mem30> of sequential type is unconnected in block <mips_fpga_interface>.
WARNING:Xst:2677 - Node <mips_cpu/mips1/dp/rf/Mram_mem26> of sequential type is unconnected in block <mips_fpga_interface>.
WARNING:Xst:2677 - Node <mips_cpu/mips1/dp/rf/Mram_mem22> of sequential type is unconnected in block <mips_fpga_interface>.
WARNING:Xst:2677 - Node <mips_cpu/mips1/dp/rf/Mram_mem24> of sequential type is unconnected in block <mips_fpga_interface>.
WARNING:Xst:2677 - Node <mips_cpu/mips1/dp/rf/Mram_mem20> of sequential type is unconnected in block <mips_fpga_interface>.
WARNING:Xst:2677 - Node <mips_cpu/mips1/dp/rf/Mram_mem16> of sequential type is unconnected in block <mips_fpga_interface>.
WARNING:Xst:2677 - Node <mips_cpu/mips1/dp/rf/Mram_mem18> of sequential type is unconnected in block <mips_fpga_interface>.
WARNING:Xst:2677 - Node <mips_cpu/mips1/dp/rf/Mram_mem14> of sequential type is unconnected in block <mips_fpga_interface>.
WARNING:Xst:2677 - Node <mips_cpu/mips1/dp/rf/Mram_mem10> of sequential type is unconnected in block <mips_fpga_interface>.
WARNING:Xst:2677 - Node <mips_cpu/mips1/dp/rf/Mram_mem12> of sequential type is unconnected in block <mips_fpga_interface>.
WARNING:Xst:2677 - Node <mips_cpu/mips1/dp/rf/Mram_mem8> of sequential type is unconnected in block <mips_fpga_interface>.
WARNING:Xst:2677 - Node <mips_cpu/mips1/dp/rf/Mram_mem4> of sequential type is unconnected in block <mips_fpga_interface>.
WARNING:Xst:2677 - Node <mips_cpu/mips1/dp/rf/Mram_mem6> of sequential type is unconnected in block <mips_fpga_interface>.
WARNING:Xst:2677 - Node <mips_cpu/mips1/dp/rf/Mram_mem2> of sequential type is unconnected in block <mips_fpga_interface>.

Mapping all equations...
Building and optimizing final netlist ...
Found area constraint ratio of 100 (+ 5) on block mips_fpga_interface, actual ratio is 26.
FlipFlop mips_cpu/mips1/dp/pcreg/q_2 has been replicated 1 time(s)
FlipFlop mips_cpu/mips1/dp/pcreg/q_3 has been replicated 1 time(s)

Final Macro Processing ...

=========================================================================
Final Register Report

Macro Statistics
# Registers                                            : 2163
 Flip-Flops                                            : 2163

=========================================================================

=========================================================================
*                           Partition Report                            *
=========================================================================

Partition Implementation Status
-------------------------------

  No Partitions were found in this design.

-------------------------------

=========================================================================
*                            Final Report                               *
=========================================================================
Final Results
RTL Top Level Output File Name     : mips_fpga_interface.ngr
Top Level Output File Name         : mips_fpga_interface
Output Format                      : NGC
Optimization Goal                  : Speed
Keep Hierarchy                     : No

Design Statistics
# IOs                              : 23

Cell Usage :
# BELS                             : 2804
#      GND                         : 1
#      INV                         : 8
#      LUT1                        : 98
#      LUT2                        : 29
#      LUT2_D                      : 4
#      LUT3                        : 136
#      LUT3_D                      : 2
#      LUT3_L                      : 10
#      LUT4                        : 1236
#      LUT4_D                      : 11
#      LUT4_L                      : 9
#      MUXCY                       : 137
#      MUXF5                       : 538
#      MUXF6                       : 256
#      MUXF7                       : 128
#      MUXF8                       : 64
#      VCC                         : 1
#      XORCY                       : 136
# FlipFlops/Latches                : 2163
#      FDC                         : 23
#      FDCE                        : 16
#      FDE                         : 2058
#      FDP                         : 5
#      FDR                         : 51
#      FDRE                        : 10
# RAMS                             : 64
#      RAM16X1D                    : 64
# Clock Buffers                    : 3
#      BUFG                        : 1
#      BUFGP                       : 2
# IO Buffers                       : 21
#      IBUF                        : 3
#      OBUF                        : 18
=========================================================================

Device utilization summary:
---------------------------

Selected Device : 3s1000ft256-5 

 Number of Slices:                     1953  out of   7680    25%  
 Number of Slice Flip Flops:           2163  out of  15360    14%  
 Number of 4 input LUTs:               1671  out of  15360    10%  
    Number used as logic:              1543
    Number used as RAMs:                128
 Number of IOs:                          23
 Number of bonded IOBs:                  23  out of    173    13%  
 Number of GCLKs:                         3  out of      8    37%  

---------------------------
Partition Resource Summary:
---------------------------

  No Partitions were found in this design.

---------------------------


=========================================================================
TIMING REPORT

NOTE: THESE TIMING NUMBERS ARE ONLY A SYNTHESIS ESTIMATE.
      FOR ACCURATE TIMING INFORMATION PLEASE REFER TO THE TRACE REPORT
      GENERATED AFTER PLACE-and-ROUTE.

Clock Information:
------------------
-----------------------------------+------------------------+-------+
Clock Signal                       | Clock buffer(FF name)  | Load  |
-----------------------------------+------------------------+-------+
clk                                | BUFGP                  | 2163  |
clk50_in                           | BUFGP                  | 1     |
mips_cpu/display/clk251            | BUFG                   | 63    |
-----------------------------------+------------------------+-------+

Asynchronous Control Signals Information:
----------------------------------------
------------------------------------------------------+-----------------------------------+-------+
Control Signal                                        | Buffer(FF name)                   | Load  |
------------------------------------------------------+-----------------------------------+-------+
mips_cpu/keyboard/error_r(mips_cpu/keyboard/error_r:Q)| NONE(mips_cpu/keyboard/bitcnt_r_0)| 36    |
reset(reset1_INV_0:O)                                 | NONE(mips_cpu/mips1/dp/pcreg/q_2) | 8     |
------------------------------------------------------+-----------------------------------+-------+

Timing Summary:
---------------
Speed Grade: -5

   Minimum period: 16.240ns (Maximum Frequency: 61.575MHz)
   Minimum input arrival time before clock: 1.572ns
   Maximum output required time after clock: 6.216ns
   Maximum combinational path delay: No path found

Timing Detail:
--------------
All values displayed in nanoseconds (ns)

=========================================================================
Timing constraint: Default period analysis for Clock 'clk'
  Clock period: 16.240ns (frequency: 61.575MHz)
  Total number of paths / destination ports: 3985044 / 4711
-------------------------------------------------------------------------
Delay:               16.240ns (Levels of Logic = 14)
  Source:            mips_cpu/mips1/dp/pcreg/q_7 (FF)
  Destination:       mips_cpu/mips1/dp/rf/Mram_mem_ren1 (RAM)
  Source Clock:      clk rising
  Destination Clock: clk rising

  Data Path: mips_cpu/mips1/dp/pcreg/q_7 to mips_cpu/mips1/dp/rf/Mram_mem_ren1
                                Gate     Net
    Cell:in->out      fanout   Delay   Delay  Logical Name (Net Name)
    ----------------------------------------  ------------
     FDC:C->Q              5   0.626   1.078  mips_cpu/mips1/dp/pcreg/q_7 (mips_cpu/mips1/dp/pcreg/q_7)
     LUT4_D:I0->O          3   0.479   0.830  mips_cpu/instr<21>11_1 (mips_cpu/instr<21>11)
     LUT3:I2->O            2   0.479   0.745  mips_cpu/instr<21>21_1 (mips_cpu/instr<21>21)
     RAM16X1D:DPRA0->DPO    2   0.479   0.804  mips_cpu/mips1/dp/rf/Mram_mem3 (mips_cpu/mips1/dp/rf/N9)
     LUT3:I2->O            0   0.479   0.000  mips_cpu/mips1/dp/rf/rd1<1>1 (mips_cpu/mips1/dp/srca<1>)
     MUXCY:DI->O           1   0.774   0.000  mips_cpu/mips1/dp/mainalu/Madd_sum_cy<1> (mips_cpu/mips1/dp/mainalu/Madd_sum_cy<1>)
     XORCY:CI->O        1030   0.786   3.877  mips_cpu/mips1/dp/mainalu/Madd_sum_xor<2> (mips_cpu/mips1/dp/mainalu/sum<2>)
     LUT4:I3->O            1   0.479   0.000  mips_cpu/dmem1/Mmux_rd_13 (mips_cpu/dmem1/Mmux_rd_13)
     MUXF5:I0->O           1   0.314   0.000  mips_cpu/dmem1/Mmux_rd_11_f5 (mips_cpu/dmem1/Mmux_rd_11_f5)
     MUXF6:I0->O           1   0.298   0.000  mips_cpu/dmem1/Mmux_rd_9_f6 (mips_cpu/dmem1/Mmux_rd_9_f6)
     MUXF7:I0->O           1   0.298   0.000  mips_cpu/dmem1/Mmux_rd_7_f7 (mips_cpu/dmem1/Mmux_rd_7_f7)
     MUXF8:I0->O           1   0.298   0.740  mips_cpu/dmem1/Mmux_rd_5_f8 (mips_cpu/dmem1/Mmux_rd_5_f8)
     LUT4:I2->O            1   0.479   0.704  mips_cpu/mips1/dp/resmux/y<0>15 (mips_cpu/mips1/dp/resmux/y<0>15)
     LUT4:I3->O            1   0.479   0.000  mips_cpu/mips1/dp/resmux/y<0>210_G (N75)
     MUXF5:I1->O           2   0.314   0.000  mips_cpu/mips1/dp/resmux/y<0>210 (mips_cpu/mips1/dp/result<0>)
     RAM16X1D:D                0.401          mips_cpu/mips1/dp/rf/Mram_mem1
    ----------------------------------------
    Total                     16.240ns (7.462ns logic, 8.778ns route)
                                       (45.9% logic, 54.1% route)

=========================================================================
Timing constraint: Default period analysis for Clock 'clk50_in'
  Clock period: 2.263ns (frequency: 441.803MHz)
  Total number of paths / destination ports: 1 / 1
-------------------------------------------------------------------------
Delay:               2.263ns (Levels of Logic = 0)
  Source:            mips_cpu/display/clk25 (FF)
  Destination:       mips_cpu/display/clk25 (FF)
  Source Clock:      clk50_in rising
  Destination Clock: clk50_in rising

  Data Path: mips_cpu/display/clk25 to mips_cpu/display/clk25
                                Gate     Net
    Cell:in->out      fanout   Delay   Delay  Logical Name (Net Name)
    ----------------------------------------  ------------
     FDR:C->Q              2   0.626   0.745  mips_cpu/display/clk25 (mips_cpu/display/clk251)
     FDR:R                     0.892          mips_cpu/display/clk25
    ----------------------------------------
    Total                      2.263ns (1.518ns logic, 0.745ns route)
                                       (67.1% logic, 32.9% route)

=========================================================================
Timing constraint: Default period analysis for Clock 'mips_cpu/display/clk251'
  Clock period: 9.538ns (frequency: 104.849MHz)
  Total number of paths / destination ports: 19645 / 131
-------------------------------------------------------------------------
Delay:               9.538ns (Levels of Logic = 34)
  Source:            mips_cpu/display/cnt_1 (FF)
  Destination:       mips_cpu/display/cnt_0 (FF)
  Source Clock:      mips_cpu/display/clk251 rising
  Destination Clock: mips_cpu/display/clk251 rising

  Data Path: mips_cpu/display/cnt_1 to mips_cpu/display/cnt_0
                                Gate     Net
    Cell:in->out      fanout   Delay   Delay  Logical Name (Net Name)
    ----------------------------------------  ------------
     FDR:C->Q              2   0.626   1.040  mips_cpu/display/cnt_1 (mips_cpu/display/cnt_1)
     LUT1:I0->O            1   0.479   0.000  mips_cpu/display/Madd_cnt_addsub0000_cy<1>_rt (mips_cpu/display/Madd_cnt_addsub0000_cy<1>_rt)
     MUXCY:S->O            1   0.435   0.000  mips_cpu/display/Madd_cnt_addsub0000_cy<1> (mips_cpu/display/Madd_cnt_addsub0000_cy<1>)
     MUXCY:CI->O           1   0.056   0.000  mips_cpu/display/Madd_cnt_addsub0000_cy<2> (mips_cpu/display/Madd_cnt_addsub0000_cy<2>)
     MUXCY:CI->O           1   0.056   0.000  mips_cpu/display/Madd_cnt_addsub0000_cy<3> (mips_cpu/display/Madd_cnt_addsub0000_cy<3>)
     MUXCY:CI->O           1   0.056   0.000  mips_cpu/display/Madd_cnt_addsub0000_cy<4> (mips_cpu/display/Madd_cnt_addsub0000_cy<4>)
     MUXCY:CI->O           1   0.056   0.000  mips_cpu/display/Madd_cnt_addsub0000_cy<5> (mips_cpu/display/Madd_cnt_addsub0000_cy<5>)
     MUXCY:CI->O           1   0.056   0.000  mips_cpu/display/Madd_cnt_addsub0000_cy<6> (mips_cpu/display/Madd_cnt_addsub0000_cy<6>)
     MUXCY:CI->O           1   0.056   0.000  mips_cpu/display/Madd_cnt_addsub0000_cy<7> (mips_cpu/display/Madd_cnt_addsub0000_cy<7>)
     MUXCY:CI->O           1   0.056   0.000  mips_cpu/display/Madd_cnt_addsub0000_cy<8> (mips_cpu/display/Madd_cnt_addsub0000_cy<8>)
     MUXCY:CI->O           1   0.056   0.000  mips_cpu/display/Madd_cnt_addsub0000_cy<9> (mips_cpu/display/Madd_cnt_addsub0000_cy<9>)
     MUXCY:CI->O           1   0.056   0.000  mips_cpu/display/Madd_cnt_addsub0000_cy<10> (mips_cpu/display/Madd_cnt_addsub0000_cy<10>)
     MUXCY:CI->O           1   0.056   0.000  mips_cpu/display/Madd_cnt_addsub0000_cy<11> (mips_cpu/display/Madd_cnt_addsub0000_cy<11>)
     MUXCY:CI->O           1   0.056   0.000  mips_cpu/display/Madd_cnt_addsub0000_cy<12> (mips_cpu/display/Madd_cnt_addsub0000_cy<12>)
     MUXCY:CI->O           1   0.056   0.000  mips_cpu/display/Madd_cnt_addsub0000_cy<13> (mips_cpu/display/Madd_cnt_addsub0000_cy<13>)
     MUXCY:CI->O           1   0.056   0.000  mips_cpu/display/Madd_cnt_addsub0000_cy<14> (mips_cpu/display/Madd_cnt_addsub0000_cy<14>)
     MUXCY:CI->O           1   0.056   0.000  mips_cpu/display/Madd_cnt_addsub0000_cy<15> (mips_cpu/display/Madd_cnt_addsub0000_cy<15>)
     MUXCY:CI->O           1   0.056   0.000  mips_cpu/display/Madd_cnt_addsub0000_cy<16> (mips_cpu/display/Madd_cnt_addsub0000_cy<16>)
     MUXCY:CI->O           1   0.056   0.000  mips_cpu/display/Madd_cnt_addsub0000_cy<17> (mips_cpu/display/Madd_cnt_addsub0000_cy<17>)
     MUXCY:CI->O           1   0.056   0.000  mips_cpu/display/Madd_cnt_addsub0000_cy<18> (mips_cpu/display/Madd_cnt_addsub0000_cy<18>)
     MUXCY:CI->O           1   0.056   0.000  mips_cpu/display/Madd_cnt_addsub0000_cy<19> (mips_cpu/display/Madd_cnt_addsub0000_cy<19>)
     MUXCY:CI->O           1   0.056   0.000  mips_cpu/display/Madd_cnt_addsub0000_cy<20> (mips_cpu/display/Madd_cnt_addsub0000_cy<20>)
     MUXCY:CI->O           1   0.056   0.000  mips_cpu/display/Madd_cnt_addsub0000_cy<21> (mips_cpu/display/Madd_cnt_addsub0000_cy<21>)
     MUXCY:CI->O           1   0.056   0.000  mips_cpu/display/Madd_cnt_addsub0000_cy<22> (mips_cpu/display/Madd_cnt_addsub0000_cy<22>)
     MUXCY:CI->O           1   0.056   0.000  mips_cpu/display/Madd_cnt_addsub0000_cy<23> (mips_cpu/display/Madd_cnt_addsub0000_cy<23>)
     XORCY:CI->O           1   0.786   0.976  mips_cpu/display/Madd_cnt_addsub0000_xor<24> (mips_cpu/display/cnt_addsub0000<24>)
     LUT4:I0->O            1   0.479   0.000  mips_cpu/display/cnt_cmp_eq0000_wg_lut<0> (mips_cpu/display/cnt_cmp_eq0000_wg_lut<0>)
     MUXCY:S->O            1   0.435   0.000  mips_cpu/display/cnt_cmp_eq0000_wg_cy<0> (mips_cpu/display/cnt_cmp_eq0000_wg_cy<0>)
     MUXCY:CI->O           1   0.056   0.000  mips_cpu/display/cnt_cmp_eq0000_wg_cy<1> (mips_cpu/display/cnt_cmp_eq0000_wg_cy<1>)
     MUXCY:CI->O           1   0.056   0.000  mips_cpu/display/cnt_cmp_eq0000_wg_cy<2> (mips_cpu/display/cnt_cmp_eq0000_wg_cy<2>)
     MUXCY:CI->O           1   0.056   0.000  mips_cpu/display/cnt_cmp_eq0000_wg_cy<3> (mips_cpu/display/cnt_cmp_eq0000_wg_cy<3>)
     MUXCY:CI->O           1   0.056   0.000  mips_cpu/display/cnt_cmp_eq0000_wg_cy<4> (mips_cpu/display/cnt_cmp_eq0000_wg_cy<4>)
     MUXCY:CI->O           1   0.056   0.000  mips_cpu/display/cnt_cmp_eq0000_wg_cy<5> (mips_cpu/display/cnt_cmp_eq0000_wg_cy<5>)
     MUXCY:CI->O           1   0.056   0.000  mips_cpu/display/cnt_cmp_eq0000_wg_cy<6> (mips_cpu/display/cnt_cmp_eq0000_wg_cy<6>)
     MUXCY:CI->O          35   0.246   1.590  mips_cpu/display/cnt_cmp_eq0000_wg_cy<7> (mips_cpu/display/cnt_cmp_eq0000)
     FDR:R                     0.892          mips_cpu/display/cnt_0
    ----------------------------------------
    Total                      9.538ns (5.932ns logic, 3.606ns route)
                                       (62.2% logic, 37.8% route)

=========================================================================
Timing constraint: Default OFFSET IN BEFORE for Clock 'clk'
  Total number of paths / destination ports: 2 / 2
-------------------------------------------------------------------------
Offset:              1.572ns (Levels of Logic = 1)
  Source:            ps2_data (PAD)
  Destination:       mips_cpu/keyboard/sc_r_9 (FF)
  Destination Clock: clk rising

  Data Path: ps2_data to mips_cpu/keyboard/sc_r_9
                                Gate     Net
    Cell:in->out      fanout   Delay   Delay  Logical Name (Net Name)
    ----------------------------------------  ------------
     IBUF:I->O             1   0.715   0.681  ps2_data_IBUF (ps2_data_IBUF)
     FDCE:D                    0.176          mips_cpu/keyboard/sc_r_9
    ----------------------------------------
    Total                      1.572ns (0.891ns logic, 0.681ns route)
                                       (56.7% logic, 43.3% route)

=========================================================================
Timing constraint: Default OFFSET OUT AFTER for Clock 'mips_cpu/display/clk251'
  Total number of paths / destination ports: 8 / 8
-------------------------------------------------------------------------
Offset:              6.216ns (Levels of Logic = 1)
  Source:            mips_cpu/display/vs_out (FF)
  Destination:       vs_out (PAD)
  Source Clock:      mips_cpu/display/clk251 rising

  Data Path: mips_cpu/display/vs_out to vs_out
                                Gate     Net
    Cell:in->out      fanout   Delay   Delay  Logical Name (Net Name)
    ----------------------------------------  ------------
     FDR:C->Q              1   0.626   0.681  mips_cpu/display/vs_out (mips_cpu/display/vs_out)
     OBUF:I->O                 4.909          vs_out_OBUF (vs_out)
    ----------------------------------------
    Total                      6.216ns (5.535ns logic, 0.681ns route)
                                       (89.0% logic, 11.0% route)

=========================================================================
Timing constraint: Default OFFSET OUT AFTER for Clock 'clk'
  Total number of paths / destination ports: 7 / 7
-------------------------------------------------------------------------
Offset:              6.216ns (Levels of Logic = 1)
  Source:            mips_cpu/s_6 (FF)
  Destination:       s<6> (PAD)
  Source Clock:      clk rising

  Data Path: mips_cpu/s_6 to s<6>
                                Gate     Net
    Cell:in->out      fanout   Delay   Delay  Logical Name (Net Name)
    ----------------------------------------  ------------
     FDE:C->Q              1   0.626   0.681  mips_cpu/s_6 (mips_cpu/s_6)
     OBUF:I->O                 4.909          s_6_OBUF (s<6>)
    ----------------------------------------
    Total                      6.216ns (5.535ns logic, 0.681ns route)
                                       (89.0% logic, 11.0% route)

=========================================================================


Total REAL time to Xst completion: 20.00 secs
Total CPU time to Xst completion: 19.66 secs
 
--> 

Total memory usage is 373328 kilobytes

Number of errors   :    0 (   0 filtered)
Number of warnings :  105 (   0 filtered)
Number of infos    :    6 (   0 filtered)

